<?xml version="1.0" encoding="UTF-8"?>
<!-- Generated by org.testng.reporters.JUnitReportReporter -->
<testsuite hostname="DESKTOP-QTFQ6AF" name="com.rodan.test.HomePage" tests="1" failures="0" timestamp="8 Jul 2017 11:30:11 GMT" time="0.460" errors="0">
  <testcase name="test001" time="0.460" classname="com.rodan.test.HomePage"/>
</testsuite> <!-- com.rodan.test.HomePage -->
