<?xml version="1.0" encoding="UTF-8"?>
<!-- Generated by org.testng.reporters.JUnitReportReporter -->
<testsuite hostname="DESKTOP-QTFQ6AF" name="com.rodan.test.RodanLoginPage" tests="1" failures="0" timestamp="19 Aug 2017 15:32:58 GMT" time="11.983" errors="0">
  <testcase name="login" time="11.983" classname="com.rodan.test.RodanLoginPage"/>
</testsuite> <!-- com.rodan.test.RodanLoginPage -->
