<?xml version="1.0" encoding="UTF-8"?>
<!-- Generated by org.testng.reporters.JUnitReportReporter -->
<testsuite hostname="DESKTOP-QTFQ6AF" name="com.rodan.base.BaseClass" tests="1" failures="0" timestamp="2 Jul 2017 11:23:33 GMT" time="16.690" errors="0">
  <testcase name="loginapp" time="16.690" classname="com.rodan.base.BaseClass"/>
</testsuite> <!-- com.rodan.base.BaseClass -->
