<?xml version="1.0" encoding="UTF-8"?>
<!-- Generated by org.testng.reporters.JUnitReportReporter -->
<testsuite hostname="DESKTOP-QTFQ6AF" name="com.rodan.test.Assertion_class" tests="1" failures="0" timestamp="3 Feb 2018 11:23:39 GMT" time="14.211" errors="0">
  <testcase name="assertion" time="14.211" classname="com.rodan.test.Assertion_class"/>
</testsuite> <!-- com.rodan.test.Assertion_class -->
