<?xml version="1.0" encoding="UTF-8"?>
<!-- Generated by org.testng.reporters.JUnitReportReporter -->
<testsuite hostname="DESKTOP-QTFQ6AF" name="com.rodan.test.RodanLoginPage" tests="1" failures="0" timestamp="10 Nov 2017 16:40:11 GMT" time="12.127" errors="0">
  <testcase name="login" time="12.127" classname="com.rodan.test.RodanLoginPage"/>
</testsuite> <!-- com.rodan.test.RodanLoginPage -->
