<?xml version="1.0" encoding="UTF-8"?>
<!-- Generated by org.testng.reporters.JUnitReportReporter -->
<testsuite hostname="DESKTOP-QTFQ6AF" name="com.rodan.test.RodanLoginPage" tests="1" failures="0" timestamp="23 Oct 2017 16:08:08 GMT" time="8.223" errors="0">
  <testcase name="login" time="8.223" classname="com.rodan.test.RodanLoginPage"/>
</testsuite> <!-- com.rodan.test.RodanLoginPage -->
